# JRE version: Java(TM) SE Runtime Environment (8.0_91-b15) (build 1.8.0_91-b15)
# Java VM: Java HotSpot(TM) Client VM (25.91-b15 mixed mode windows-x86 )
Heap:
 def new generation   total 33984K, used 31994K [0x03a00000, 0x05ee0000, 0x18f50000)
  eden space 30208K, 100% used [0x03a00000, 0x05780000, 0x05780000)
  from space 3776K,  47% used [0x05780000, 0x0593e808, 0x05b30000)
  to   space 3776K,  49% used [0x05b30000, 0x05d01390, 0x05ee0000)
 tenured generation   total 75364K, used 34736K [0x18f50000, 0x1d8e9000, 0x43a00000)
   the space 75364K,  46% used [0x18f50000, 0x1b13c008, 0x1b13c200, 0x1d8e9000)
 Metaspace       used 38845K, capacity 39833K, committed 40192K, reserved 40320K
GC Heap History (10 events):
Event: 465.147 GC heap after
Heap after GC invocations=145 (full 8):
 def new generation   total 33984K, used 1457K [0x03a00000, 0x05ee0000, 0x18f50000)
  eden space 30208K,   0% used [0x03a00000, 0x03a00000, 0x05780000)
  from space 3776K,  38% used [0x05780000, 0x058ec648, 0x05b30000)
  to   space 3776K,   0% used [0x05b30000, 0x05b30000, 0x05ee0000)
 tenured generation   total 75364K, used 31590K [0x18f50000, 0x1d8e9000, 0x43a00000)
   the space 75364K,  41% used [0x18f50000, 0x1ae298e8, 0x1ae29a00, 0x1d8e9000)
 Metaspace       used 38663K, capacity 39560K, committed 40064K, reserved 40320K
}
Event: 465.479 GC heap before
{Heap before GC invocations=145 (full 8):
 def new generation   total 33984K, used 31665K [0x03a00000, 0x05ee0000, 0x18f50000)
  eden space 30208K, 100% used [0x03a00000, 0x05780000, 0x05780000)
  from space 3776K,  38% used [0x05780000, 0x058ec648, 0x05b30000)
  to   space 3776K,   0% used [0x05b30000, 0x05b30000, 0x05ee0000)
 tenured generation   total 75364K, used 31590K [0x18f50000, 0x1d8e9000, 0x43a00000)
   the space 75364K,  41% used [0x18f50000, 0x1ae298e8, 0x1ae29a00, 0x1d8e9000)
 Metaspace       used 38683K, capacity 39585K, committed 40064K, reserved 40320K
Event: 465.500 GC heap after
Heap after GC invocations=146 (full 8):
 def new generation   total 33984K, used 3289K [0x03a00000, 0x05ee0000, 0x18f50000)
  eden space 30208K,   0% used [0x03a00000, 0x03a00000, 0x05780000)
  from space 3776K,  87% used [0x05b30000, 0x05e666b0, 0x05ee0000)
  to   space 3776K,   0% used [0x05780000, 0x05780000, 0x05b30000)
 tenured generation   total 75364K, used 31590K [0x18f50000, 0x1d8e9000, 0x43a00000)
   the space 75364K,  41% used [0x18f50000, 0x1ae298e8, 0x1ae29a00, 0x1d8e9000)
 Metaspace       used 38683K, capacity 39585K, committed 40064K, reserved 40320K
}
Event: 466.728 GC heap before
{Heap before GC invocations=146 (full 8):
 def new generation   total 33984K, used 33497K [0x03a00000, 0x05ee0000, 0x18f50000)
  eden space 30208K, 100% used [0x03a00000, 0x05780000, 0x05780000)
  from space 3776K,  87% used [0x05b30000, 0x05e666b0, 0x05ee0000)
  to   space 3776K,   0% used [0x05780000, 0x05780000, 0x05b30000)
 tenured generation   total 75364K, used 31590K [0x18f50000, 0x1d8e9000, 0x43a00000)
   the space 75364K,  41% used [0x18f50000, 0x1ae298e8, 0x1ae29a00, 0x1d8e9000)
 Metaspace       used 38689K, capacity 39595K, committed 40064K, reserved 40320K
Event: 466.755 GC heap after
Heap after GC invocations=147 (full 8):
 def new generation   total 33984K, used 3175K [0x03a00000, 0x05ee0000, 0x18f50000)
  eden space 30208K,   0% used [0x03a00000, 0x03a00000, 0x05780000)
  from space 3776K,  84% used [0x05780000, 0x05a99f48, 0x05b30000)
  to   space 3776K,   0% used [0x05b30000, 0x05b30000, 0x05ee0000)
 tenured generation   total 75364K, used 32998K [0x18f50000, 0x1d8e9000, 0x43a00000)
   the space 75364K,  43% used [0x18f50000, 0x1af89ad0, 0x1af89c00, 0x1d8e9000)
 Metaspace       used 38689K, capacity 39595K, committed 40064K, reserved 40320K
}
Event: 470.534 GC heap before
{Heap before GC invocations=147 (full 8):
 def new generation   total 33984K, used 33383K [0x03a00000, 0x05ee0000, 0x18f50000)
  eden space 30208K, 100% used [0x03a00000, 0x05780000, 0x05780000)
  from space 3776K,  84% used [0x05780000, 0x05a99f48, 0x05b30000)
  to   space 3776K,   0% used [0x05b30000, 0x05b30000, 0x05ee0000)
 tenured generation   total 75364K, used 32998K [0x18f50000, 0x1d8e9000, 0x43a00000)
   the space 75364K,  43% used [0x18f50000, 0x1af89ad0, 0x1af89c00, 0x1d8e9000)
 Metaspace       used 38694K, capacity 39603K, committed 40064K, reserved 40320K
Event: 470.552 GC heap after
Heap after GC invocations=148 (full 8):
 def new generation   total 33984K, used 1626K [0x03a00000, 0x05ee0000, 0x18f50000)
  eden space 30208K,   0% used [0x03a00000, 0x03a00000, 0x05780000)
  from space 3776K,  43% used [0x05b30000, 0x05cc68a8, 0x05ee0000)
  to   space 3776K,   0% used [0x05780000, 0x05780000, 0x05b30000)
 tenured generation   total 75364K, used 34736K [0x18f50000, 0x1d8e9000, 0x43a00000)
   the space 75364K,  46% used [0x18f50000, 0x1b13c008, 0x1b13c200, 0x1d8e9000)
 Metaspace       used 38694K, capacity 39603K, committed 40064K, reserved 40320K
}
Event: 470.998 GC heap before
{Heap before GC invocations=148 (full 8):
 def new generation   total 33984K, used 31834K [0x03a00000, 0x05ee0000, 0x18f50000)
  eden space 30208K, 100% used [0x03a00000, 0x05780000, 0x05780000)
  from space 3776K,  43% used [0x05b30000, 0x05cc68a8, 0x05ee0000)
  to   space 3776K,   0% used [0x05780000, 0x05780000, 0x05b30000)
 tenured generation   total 75364K, used 34736K [0x18f50000, 0x1d8e9000, 0x43a00000)
   the space 75364K,  46% used [0x18f50000, 0x1b13c008, 0x1b13c200, 0x1d8e9000)
 Metaspace       used 38697K, capacity 39608K, committed 40064K, reserved 40320K
Event: 471.009 GC heap after
Heap after GC invocations=149 (full 8):
 def new generation   total 33984K, used 1786K [0x03a00000, 0x05ee0000, 0x18f50000)
  eden space 30208K,   0% used [0x03a00000, 0x03a00000, 0x05780000)
  from space 3776K,  47% used [0x05780000, 0x0593e808, 0x05b30000)
  to   space 3776K,   0% used [0x05b30000, 0x05b30000, 0x05ee0000)
 tenured generation   total 75364K, used 34736K [0x18f50000, 0x1d8e9000, 0x43a00000)
   the space 75364K,  46% used [0x18f50000, 0x1b13c008, 0x1b13c200, 0x1d8e9000)
 Metaspace       used 38697K, capacity 39608K, committed 40064K, reserved 40320K
}
Event: 6046.129 GC heap before
{Heap before GC invocations=149 (full 8):
 def new generation   total 33984K, used 31994K [0x03a00000, 0x05ee0000, 0x18f50000)
  eden space 30208K, 100% used [0x03a00000, 0x05780000, 0x05780000)
  from space 3776K,  47% used [0x05780000, 0x0593e808, 0x05b30000)
  to   space 3776K,   0% used [0x05b30000, 0x05b30000, 0x05ee0000)
 tenured generation   total 75364K, used 34736K [0x18f50000, 0x1d8e9000, 0x43a00000)
   the space 75364K,  46% used [0x18f50000, 0x1b13c008, 0x1b13c200, 0x1d8e9000)
 Metaspace       used 38845K, capacity 39833K, committed 40192K, reserved 40320K

