# JRE version: Java(TM) SE Runtime Environment (8.0_51-b16) (build 1.8.0_51-b16)
# Java VM: Java HotSpot(TM) 64-Bit Server VM (25.51-b03 mixed mode windows-amd64 compressed oops)
Heap:
 PSYoungGen      total 311808K, used 36349K [0x00000000eab00000, 0x0000000100000000, 0x0000000100000000)
  eden space 287744K, 12% used [0x00000000eab00000,0x00000000ece7f408,0x00000000fc400000)
  from space 24064K, 0% used [0x00000000fe880000,0x00000000fe880000,0x0000000100000000)
  to   space 30720K, 0% used [0x00000000fc400000,0x00000000fc400000,0x00000000fe200000)
 ParOldGen       total 84992K, used 49978K [0x00000000c0000000, 0x00000000c5300000, 0x00000000eab00000)
  object space 84992K, 58% used [0x00000000c0000000,0x00000000c30ceba0,0x00000000c5300000)
 Metaspace       used 61160K, capacity 63338K, committed 63616K, reserved 1103872K
  class space    used 8197K, capacity 8717K, committed 8832K, reserved 1048576K
GC Heap History (10 events):
Event: 110.484 GC heap before
{Heap before GC invocations=13 (full 3):
 PSYoungGen      total 324096K, used 15381K [0x00000000eab00000, 0x0000000100000000, 0x0000000100000000)
  eden space 301056K, 0% used [0x00000000eab00000,0x00000000eab00000,0x00000000fd100000)
  from space 23040K, 66% used [0x00000000fe980000,0x00000000ff885430,0x0000000100000000)
  to   space 24064K, 0% used [0x00000000fd100000,0x00000000fd100000,0x00000000fe880000)
 ParOldGen       total 47616K, used 40662K [0x00000000c0000000, 0x00000000c2e80000, 0x00000000eab00000)
  object space 47616K, 85% used [0x00000000c0000000,0x00000000c27b5b10,0x00000000c2e80000)
 Metaspace       used 54673K, capacity 56626K, committed 56704K, reserved 1097728K
  class space    used 7544K, capacity 8026K, committed 8064K, reserved 1048576K
Event: 113.565 GC heap after
Heap after GC invocations=13 (full 3):
 PSYoungGen      total 324096K, used 0K [0x00000000eab00000, 0x0000000100000000, 0x0000000100000000)
  eden space 301056K, 0% used [0x00000000eab00000,0x00000000eab00000,0x00000000fd100000)
  from space 23040K, 0% used [0x00000000fe980000,0x00000000fe980000,0x0000000100000000)
  to   space 24064K, 0% used [0x00000000fd100000,0x00000000fd100000,0x00000000fe880000)
 ParOldGen       total 47616K, used 42642K [0x00000000c0000000, 0x00000000c2e80000, 0x00000000eab00000)
  object space 47616K, 89% used [0x00000000c0000000,0x00000000c29a4af8,0x00000000c2e80000)
 Metaspace       used 54673K, capacity 56626K, committed 56704K, reserved 1097728K
  class space    used 7544K, capacity 8026K, committed 8064K, reserved 1048576K
}
Event: 326.511 GC heap before
{Heap before GC invocations=14 (full 4):
 PSYoungGen      total 324096K, used 301056K [0x00000000eab00000, 0x0000000100000000, 0x0000000100000000)
  eden space 301056K, 100% used [0x00000000eab00000,0x00000000fd100000,0x00000000fd100000)
  from space 23040K, 0% used [0x00000000fe980000,0x00000000fe980000,0x0000000100000000)
  to   space 24064K, 0% used [0x00000000fd100000,0x00000000fd100000,0x00000000fe880000)
 ParOldGen       total 47616K, used 42642K [0x00000000c0000000, 0x00000000c2e80000, 0x00000000eab00000)
  object space 47616K, 89% used [0x00000000c0000000,0x00000000c29a4af8,0x00000000c2e80000)
 Metaspace       used 58140K, capacity 60214K, committed 60416K, reserved 1101824K
  class space    used 7897K, capacity 8414K, committed 8448K, reserved 1048576K
Event: 327.803 GC heap after
Heap after GC invocations=14 (full 4):
 PSYoungGen      total 324096K, used 7198K [0x00000000eab00000, 0x0000000100000000, 0x0000000100000000)
  eden space 301056K, 2% used [0x00000000eab00000,0x00000000eb207b40,0x00000000fd100000)
  from space 23040K, 0% used [0x00000000fe980000,0x00000000fe980000,0x0000000100000000)
  to   space 24064K, 0% used [0x00000000fd100000,0x00000000fd100000,0x00000000fe880000)
 ParOldGen       total 84992K, used 47615K [0x00000000c0000000, 0x00000000c5300000, 0x00000000eab00000)
  object space 84992K, 56% used [0x00000000c0000000,0x00000000c2e7fdd8,0x00000000c5300000)
 Metaspace       used 58140K, capacity 60214K, committed 60416K, reserved 1101824K
  class space    used 7897K, capacity 8414K, committed 8448K, reserved 1048576K
}
Event: 430.910 GC heap before
{Heap before GC invocations=15 (full 4):
 PSYoungGen      total 324096K, used 301056K [0x00000000eab00000, 0x0000000100000000, 0x0000000100000000)
  eden space 301056K, 100% used [0x00000000eab00000,0x00000000fd100000,0x00000000fd100000)
  from space 23040K, 0% used [0x00000000fe980000,0x00000000fe980000,0x0000000100000000)
  to   space 24064K, 0% used [0x00000000fd100000,0x00000000fd100000,0x00000000fe880000)
 ParOldGen       total 84992K, used 47615K [0x00000000c0000000, 0x00000000c5300000, 0x00000000eab00000)
  object space 84992K, 56% used [0x00000000c0000000,0x00000000c2e7fdd8,0x00000000c5300000)
 Metaspace       used 59740K, capacity 61798K, committed 62080K, reserved 1103872K
  class space    used 8018K, capacity 8550K, committed 8576K, reserved 1048576K
Event: 431.074 GC heap after
Heap after GC invocations=15 (full 4):
 PSYoungGen      total 325120K, used 24061K [0x00000000eab00000, 0x0000000100000000, 0x0000000100000000)
  eden space 301056K, 0% used [0x00000000eab00000,0x00000000eab00000,0x00000000fd100000)
  from space 24064K, 99% used [0x00000000fd100000,0x00000000fe87f548,0x00000000fe880000)
  to   space 24064K, 0% used [0x00000000fe880000,0x00000000fe880000,0x0000000100000000)
 ParOldGen       total 84992K, used 56106K [0x00000000c0000000, 0x00000000c5300000, 0x00000000eab00000)
  object space 84992K, 66% used [0x00000000c0000000,0x00000000c36ca848,0x00000000c5300000)
 Metaspace       used 59740K, capacity 61798K, committed 62080K, reserved 1103872K
  class space    used 8018K, capacity 8550K, committed 8576K, reserved 1048576K
}
Event: 569.327 GC heap before
{Heap before GC invocations=16 (full 4):
 PSYoungGen      total 325120K, used 229028K [0x00000000eab00000, 0x0000000100000000, 0x0000000100000000)
  eden space 301056K, 68% used [0x00000000eab00000,0x00000000f7329c70,0x00000000fd100000)
  from space 24064K, 99% used [0x00000000fd100000,0x00000000fe87f548,0x00000000fe880000)
  to   space 24064K, 0% used [0x00000000fe880000,0x00000000fe880000,0x0000000100000000)
 ParOldGen       total 84992K, used 56106K [0x00000000c0000000, 0x00000000c5300000, 0x00000000eab00000)
  object space 84992K, 66% used [0x00000000c0000000,0x00000000c36ca848,0x00000000c5300000)
 Metaspace       used 61060K, capacity 63226K, committed 63360K, reserved 1103872K
  class space    used 8188K, capacity 8706K, committed 8832K, reserved 1048576K
Event: 569.404 GC heap after
Heap after GC invocations=16 (full 4):
 PSYoungGen      total 311808K, used 3308K [0x00000000eab00000, 0x0000000100000000, 0x0000000100000000)
  eden space 287744K, 0% used [0x00000000eab00000,0x00000000eab00000,0x00000000fc400000)
  from space 24064K, 13% used [0x00000000fe880000,0x00000000febbb350,0x0000000100000000)
  to   space 30720K, 0% used [0x00000000fc400000,0x00000000fc400000,0x00000000fe200000)
 ParOldGen       total 84992K, used 70492K [0x00000000c0000000, 0x00000000c5300000, 0x00000000eab00000)
  object space 84992K, 82% used [0x00000000c0000000,0x00000000c44d7330,0x00000000c5300000)
 Metaspace       used 61060K, capacity 63226K, committed 63360K, reserved 1103872K
  class space    used 8188K, capacity 8706K, committed 8832K, reserved 1048576K
}
Event: 569.404 GC heap before
{Heap before GC invocations=17 (full 5):
 PSYoungGen      total 311808K, used 3308K [0x00000000eab00000, 0x0000000100000000, 0x0000000100000000)
  eden space 287744K, 0% used [0x00000000eab00000,0x00000000eab00000,0x00000000fc400000)
  from space 24064K, 13% used [0x00000000fe880000,0x00000000febbb350,0x0000000100000000)
  to   space 30720K, 0% used [0x00000000fc400000,0x00000000fc400000,0x00000000fe200000)
 ParOldGen       total 84992K, used 70492K [0x00000000c0000000, 0x00000000c5300000, 0x00000000eab00000)
  object space 84992K, 82% used [0x00000000c0000000,0x00000000c44d7330,0x00000000c5300000)
 Metaspace       used 61060K, capacity 63226K, committed 63360K, reserved 1103872K
  class space    used 8188K, capacity 8706K, committed 8832K, reserved 1048576K
Event: 570.353 GC heap after
Heap after GC invocations=17 (full 5):
 PSYoungGen      total 311808K, used 0K [0x00000000eab00000, 0x0000000100000000, 0x0000000100000000)
  eden space 287744K, 0% used [0x00000000eab00000,0x00000000eab00000,0x00000000fc400000)
  from space 24064K, 0% used [0x00000000fe880000,0x00000000fe880000,0x0000000100000000)
  to   space 30720K, 0% used [0x00000000fc400000,0x00000000fc400000,0x00000000fe200000)
 ParOldGen       total 84992K, used 49978K [0x00000000c0000000, 0x00000000c5300000, 0x00000000eab00000)
  object space 84992K, 58% used [0x00000000c0000000,0x00000000c30ceba0,0x00000000c5300000)
 Metaspace       used 61059K, capacity 63220K, committed 63360K, reserved 1103872K
  class space    used 8188K, capacity 8705K, committed 8832K, reserved 1048576K
}

