# JRE version: Java(TM) SE Runtime Environment (8.0_91-b15) (build 1.8.0_91-b15)
# Java VM: Java HotSpot(TM) Client VM (25.91-b15 mixed mode windows-x86 )
Heap:
 def new generation   total 5440K, used 124K [0x03800000, 0x03de0000, 0x18d50000)
  eden space 4864K,   0% used [0x03800000, 0x03800000, 0x03cc0000)
  from space 576K,  21% used [0x03d50000, 0x03d6f100, 0x03de0000)
  to   space 576K,   0% used [0x03cc0000, 0x03cc0000, 0x03d50000)
 tenured generation   total 12052K, used 11974K [0x18d50000, 0x19915000, 0x43800000)
   the space 12052K,  99% used [0x18d50000, 0x19901ac0, 0x19901c00, 0x19915000)
 Metaspace       used 17022K, capacity 17319K, committed 17408K, reserved 17792K
GC Heap History (10 events):
Event: 26.657 GC heap after
Heap after GC invocations=46 (full 1):
 def new generation   total 5440K, used 249K [0x03800000, 0x03de0000, 0x18d50000)
  eden space 4864K,   0% used [0x03800000, 0x03800000, 0x03cc0000)
  from space 576K,  43% used [0x03cc0000, 0x03cfe588, 0x03d50000)
  to   space 576K,   0% used [0x03d50000, 0x03d50000, 0x03de0000)
 tenured generation   total 11924K, used 11599K [0x18d50000, 0x198f5000, 0x43800000)
   the space 11924K,  97% used [0x18d50000, 0x198a3dd8, 0x198a3e00, 0x198f5000)
 Metaspace       used 17005K, capacity 17287K, committed 17408K, reserved 17792K
}
Event: 26.785 GC heap before
{Heap before GC invocations=46 (full 1):
 def new generation   total 5440K, used 5113K [0x03800000, 0x03de0000, 0x18d50000)
  eden space 4864K, 100% used [0x03800000, 0x03cc0000, 0x03cc0000)
  from space 576K,  43% used [0x03cc0000, 0x03cfe588, 0x03d50000)
  to   space 576K,   0% used [0x03d50000, 0x03d50000, 0x03de0000)
 tenured generation   total 11924K, used 11599K [0x18d50000, 0x198f5000, 0x43800000)
   the space 11924K,  97% used [0x18d50000, 0x198a3dd8, 0x198a3e00, 0x198f5000)
 Metaspace       used 17005K, capacity 17287K, committed 17408K, reserved 17792K
Event: 26.788 GC heap after
Heap after GC invocations=47 (full 1):
 def new generation   total 5440K, used 450K [0x03800000, 0x03de0000, 0x18d50000)
  eden space 4864K,   0% used [0x03800000, 0x03800000, 0x03cc0000)
  from space 576K,  78% used [0x03d50000, 0x03dc0b80, 0x03de0000)
  to   space 576K,   0% used [0x03cc0000, 0x03cc0000, 0x03d50000)
 tenured generation   total 11924K, used 11599K [0x18d50000, 0x198f5000, 0x43800000)
   the space 11924K,  97% used [0x18d50000, 0x198a3dd8, 0x198a3e00, 0x198f5000)
 Metaspace       used 17005K, capacity 17287K, committed 17408K, reserved 17792K
}
Event: 26.978 GC heap before
{Heap before GC invocations=47 (full 1):
 def new generation   total 5440K, used 5314K [0x03800000, 0x03de0000, 0x18d50000)
  eden space 4864K, 100% used [0x03800000, 0x03cc0000, 0x03cc0000)
  from space 576K,  78% used [0x03d50000, 0x03dc0b80, 0x03de0000)
  to   space 576K,   0% used [0x03cc0000, 0x03cc0000, 0x03d50000)
 tenured generation   total 11924K, used 11599K [0x18d50000, 0x198f5000, 0x43800000)
   the space 11924K,  97% used [0x18d50000, 0x198a3dd8, 0x198a3e00, 0x198f5000)
 Metaspace       used 17019K, capacity 17319K, committed 17408K, reserved 17792K
Event: 26.981 GC heap after
Heap after GC invocations=48 (full 1):
 def new generation   total 5440K, used 187K [0x03800000, 0x03de0000, 0x18d50000)
  eden space 4864K,   0% used [0x03800000, 0x03800000, 0x03cc0000)
  from space 576K,  32% used [0x03cc0000, 0x03ceecb8, 0x03d50000)
  to   space 576K,   0% used [0x03d50000, 0x03d50000, 0x03de0000)
 tenured generation   total 11924K, used 11791K [0x18d50000, 0x198f5000, 0x43800000)
   the space 11924K,  98% used [0x18d50000, 0x198d3f70, 0x198d4000, 0x198f5000)
 Metaspace       used 17019K, capacity 17319K, committed 17408K, reserved 17792K
}
Event: 27.119 GC heap before
{Heap before GC invocations=48 (full 1):
 def new generation   total 5440K, used 5051K [0x03800000, 0x03de0000, 0x18d50000)
  eden space 4864K, 100% used [0x03800000, 0x03cc0000, 0x03cc0000)
  from space 576K,  32% used [0x03cc0000, 0x03ceecb8, 0x03d50000)
  to   space 576K,   0% used [0x03d50000, 0x03d50000, 0x03de0000)
 tenured generation   total 11924K, used 11791K [0x18d50000, 0x198f5000, 0x43800000)
   the space 11924K,  98% used [0x18d50000, 0x198d3f70, 0x198d4000, 0x198f5000)
 Metaspace       used 17022K, capacity 17319K, committed 17408K, reserved 17792K
Event: 27.123 GC heap after
Heap after GC invocations=49 (full 1):
 def new generation   total 5440K, used 259K [0x03800000, 0x03de0000, 0x18d50000)
  eden space 4864K,   0% used [0x03800000, 0x03800000, 0x03cc0000)
  from space 576K,  45% used [0x03d50000, 0x03d90d80, 0x03de0000)
  to   space 576K,   0% used [0x03cc0000, 0x03cc0000, 0x03d50000)
 tenured generation   total 11924K, used 11791K [0x18d50000, 0x198f5000, 0x43800000)
   the space 11924K,  98% used [0x18d50000, 0x198d3f70, 0x198d4000, 0x198f5000)
 Metaspace       used 17022K, capacity 17319K, committed 17408K, reserved 17792K
}
Event: 27.276 GC heap before
{Heap before GC invocations=49 (full 1):
 def new generation   total 5440K, used 5123K [0x03800000, 0x03de0000, 0x18d50000)
  eden space 4864K, 100% used [0x03800000, 0x03cc0000, 0x03cc0000)
  from space 576K,  45% used [0x03d50000, 0x03d90d80, 0x03de0000)
  to   space 576K,   0% used [0x03cc0000, 0x03cc0000, 0x03d50000)
 tenured generation   total 11924K, used 11791K [0x18d50000, 0x198f5000, 0x43800000)
   the space 11924K,  98% used [0x18d50000, 0x198d3f70, 0x198d4000, 0x198f5000)
 Metaspace       used 17022K, capacity 17319K, committed 17408K, reserved 17792K
Event: 27.281 GC heap after
Heap after GC invocations=50 (full 1):
 def new generation   total 5440K, used 446K [0x03800000, 0x03de0000, 0x18d50000)
  eden space 4864K,   0% used [0x03800000, 0x03800000, 0x03cc0000)
  from space 576K,  77% used [0x03cc0000, 0x03d2f9e8, 0x03d50000)
  to   space 576K,   0% used [0x03d50000, 0x03d50000, 0x03de0000)
 tenured generation   total 11924K, used 11791K [0x18d50000, 0x198f5000, 0x43800000)
   the space 11924K,  98% used [0x18d50000, 0x198d3f70, 0x198d4000, 0x198f5000)
 Metaspace       used 17022K, capacity 17319K, committed 17408K, reserved 17792K
}
Event: 27.410 GC heap before
{Heap before GC invocations=50 (full 1):
 def new generation   total 5440K, used 5310K [0x03800000, 0x03de0000, 0x18d50000)
  eden space 4864K, 100% used [0x03800000, 0x03cc0000, 0x03cc0000)
  from space 576K,  77% used [0x03cc0000, 0x03d2f9e8, 0x03d50000)
  to   space 576K,   0% used [0x03d50000, 0x03d50000, 0x03de0000)
 tenured generation   total 11924K, used 11791K [0x18d50000, 0x198f5000, 0x43800000)
   the space 11924K,  98% used [0x18d50000, 0x198d3f70, 0x198d4000, 0x198f5000)
 Metaspace       used 17022K, capacity 17319K, committed 17408K, reserved 17792K

