# JRE version: Java(TM) SE Runtime Environment (8.0_51-b16) (build 1.8.0_51-b16)
# Java VM: Java HotSpot(TM) 64-Bit Server VM (25.51-b03 mixed mode windows-amd64 compressed oops)
Heap:
 PSYoungGen      total 232960K, used 82103K [0x00000000eab00000, 0x0000000100000000, 0x0000000100000000)
  eden space 116736K, 41% used [0x00000000eab00000,0x00000000eda24a78,0x00000000f1d00000)
  from space 116224K, 29% used [0x00000000f8e80000,0x00000000faf89260,0x0000000100000000)
  to   space 116224K, 0% used [0x00000000f1d00000,0x00000000f1d00000,0x00000000f8e80000)
 ParOldGen       total 548352K, used 425029K [0x00000000c0000000, 0x00000000e1780000, 0x00000000eab00000)
  object space 548352K, 77% used [0x00000000c0000000,0x00000000d9f117f0,0x00000000e1780000)
 Metaspace       used 6587K, capacity 7320K, committed 7680K, reserved 1056768K
  class space    used 619K, capacity 656K, committed 768K, reserved 1048576K
GC Heap History (10 events):
Event: 110.953 GC heap before
{Heap before GC invocations=25 (full 5):
 PSYoungGen      total 241664K, used 241388K [0x00000000eab00000, 0x0000000100000000, 0x0000000100000000)
  eden space 147456K, 100% used [0x00000000eab00000,0x00000000f3b00000,0x00000000f3b00000)
  from space 94208K, 99% used [0x00000000f3b00000,0x00000000f96bb098,0x00000000f9700000)
  to   space 107520K, 0% used [0x00000000f9700000,0x00000000f9700000,0x0000000100000000)
 ParOldGen       total 394752K, used 265758K [0x00000000c0000000, 0x00000000d8180000, 0x00000000eab00000)
  object space 394752K, 67% used [0x00000000c0000000,0x00000000d0387a38,0x00000000d8180000)
 Metaspace       used 6576K, capacity 7320K, committed 7680K, reserved 1056768K
  class space    used 617K, capacity 656K, committed 768K, reserved 1048576K
Event: 111.278 GC heap after
Heap after GC invocations=25 (full 5):
 PSYoungGen      total 224256K, used 107510K [0x00000000eab00000, 0x0000000100000000, 0x0000000100000000)
  eden space 116736K, 0% used [0x00000000eab00000,0x00000000eab00000,0x00000000f1d00000)
  from space 107520K, 99% used [0x00000000f9700000,0x00000000ffffd958,0x0000000100000000)
  to   space 116224K, 0% used [0x00000000f1d00000,0x00000000f1d00000,0x00000000f8e80000)
 ParOldGen       total 394752K, used 274939K [0x00000000c0000000, 0x00000000d8180000, 0x00000000eab00000)
  object space 394752K, 69% used [0x00000000c0000000,0x00000000d0c7ef78,0x00000000d8180000)
 Metaspace       used 6576K, capacity 7320K, committed 7680K, reserved 1056768K
  class space    used 617K, capacity 656K, committed 768K, reserved 1048576K
}
Event: 112.538 GC heap before
{Heap before GC invocations=26 (full 5):
 PSYoungGen      total 224256K, used 224246K [0x00000000eab00000, 0x0000000100000000, 0x0000000100000000)
  eden space 116736K, 100% used [0x00000000eab00000,0x00000000f1d00000,0x00000000f1d00000)
  from space 107520K, 99% used [0x00000000f9700000,0x00000000ffffd958,0x0000000100000000)
  to   space 116224K, 0% used [0x00000000f1d00000,0x00000000f1d00000,0x00000000f8e80000)
 ParOldGen       total 394752K, used 274939K [0x00000000c0000000, 0x00000000d8180000, 0x00000000eab00000)
  object space 394752K, 69% used [0x00000000c0000000,0x00000000d0c7ef78,0x00000000d8180000)
 Metaspace       used 6576K, capacity 7320K, committed 7680K, reserved 1056768K
  class space    used 617K, capacity 656K, committed 768K, reserved 1048576K
Event: 112.875 GC heap after
Heap after GC invocations=26 (full 5):
 PSYoungGen      total 232960K, used 107309K [0x00000000eab00000, 0x0000000100000000, 0x0000000100000000)
  eden space 116736K, 0% used [0x00000000eab00000,0x00000000eab00000,0x00000000f1d00000)
  from space 116224K, 92% used [0x00000000f1d00000,0x00000000f85cb498,0x00000000f8e80000)
  to   space 116224K, 0% used [0x00000000f8e80000,0x00000000f8e80000,0x0000000100000000)
 ParOldGen       total 394752K, used 296509K [0x00000000c0000000, 0x00000000d8180000, 0x00000000eab00000)
  object space 394752K, 75% used [0x00000000c0000000,0x00000000d218f458,0x00000000d8180000)
 Metaspace       used 6576K, capacity 7320K, committed 7680K, reserved 1056768K
  class space    used 617K, capacity 656K, committed 768K, reserved 1048576K
}
Event: 114.312 GC heap before
{Heap before GC invocations=27 (full 5):
 PSYoungGen      total 232960K, used 224045K [0x00000000eab00000, 0x0000000100000000, 0x0000000100000000)
  eden space 116736K, 100% used [0x00000000eab00000,0x00000000f1d00000,0x00000000f1d00000)
  from space 116224K, 92% used [0x00000000f1d00000,0x00000000f85cb498,0x00000000f8e80000)
  to   space 116224K, 0% used [0x00000000f8e80000,0x00000000f8e80000,0x0000000100000000)
 ParOldGen       total 394752K, used 296509K [0x00000000c0000000, 0x00000000d8180000, 0x00000000eab00000)
  object space 394752K, 75% used [0x00000000c0000000,0x00000000d218f458,0x00000000d8180000)
 Metaspace       used 6577K, capacity 7320K, committed 7680K, reserved 1056768K
  class space    used 617K, capacity 656K, committed 768K, reserved 1048576K
Event: 114.660 GC heap after
Heap after GC invocations=27 (full 5):
 PSYoungGen      total 232960K, used 81982K [0x00000000eab00000, 0x0000000100000000, 0x0000000100000000)
  eden space 116736K, 0% used [0x00000000eab00000,0x00000000eab00000,0x00000000f1d00000)
  from space 116224K, 70% used [0x00000000f8e80000,0x00000000fde8f8a0,0x0000000100000000)
  to   space 116224K, 0% used [0x00000000f1d00000,0x00000000f1d00000,0x00000000f8e80000)
 ParOldGen       total 394752K, used 340551K [0x00000000c0000000, 0x00000000d8180000, 0x00000000eab00000)
  object space 394752K, 86% used [0x00000000c0000000,0x00000000d4c91f78,0x00000000d8180000)
 Metaspace       used 6577K, capacity 7320K, committed 7680K, reserved 1056768K
  class space    used 617K, capacity 656K, committed 768K, reserved 1048576K
}
Event: 118.142 GC heap before
{Heap before GC invocations=28 (full 5):
 PSYoungGen      total 232960K, used 198718K [0x00000000eab00000, 0x0000000100000000, 0x0000000100000000)
  eden space 116736K, 100% used [0x00000000eab00000,0x00000000f1d00000,0x00000000f1d00000)
  from space 116224K, 70% used [0x00000000f8e80000,0x00000000fde8f8a0,0x0000000100000000)
  to   space 116224K, 0% used [0x00000000f1d00000,0x00000000f1d00000,0x00000000f8e80000)
 ParOldGen       total 394752K, used 340551K [0x00000000c0000000, 0x00000000d8180000, 0x00000000eab00000)
  object space 394752K, 86% used [0x00000000c0000000,0x00000000d4c91f78,0x00000000d8180000)
 Metaspace       used 6577K, capacity 7320K, committed 7680K, reserved 1056768K
  class space    used 617K, capacity 656K, committed 768K, reserved 1048576K
Event: 118.427 GC heap after
Heap after GC invocations=28 (full 5):
 PSYoungGen      total 232960K, used 59062K [0x00000000eab00000, 0x0000000100000000, 0x0000000100000000)
  eden space 116736K, 0% used [0x00000000eab00000,0x00000000eab00000,0x00000000f1d00000)
  from space 116224K, 50% used [0x00000000f1d00000,0x00000000f56ad8e0,0x00000000f8e80000)
  to   space 116224K, 0% used [0x00000000f8e80000,0x00000000f8e80000,0x0000000100000000)
 ParOldGen       total 394752K, used 382518K [0x00000000c0000000, 0x00000000d8180000, 0x00000000eab00000)
  object space 394752K, 96% used [0x00000000c0000000,0x00000000d758d8d0,0x00000000d8180000)
 Metaspace       used 6577K, capacity 7320K, committed 7680K, reserved 1056768K
  class space    used 617K, capacity 656K, committed 768K, reserved 1048576K
}
Event: 118.427 GC heap before
{Heap before GC invocations=29 (full 6):
 PSYoungGen      total 232960K, used 59062K [0x00000000eab00000, 0x0000000100000000, 0x0000000100000000)
  eden space 116736K, 0% used [0x00000000eab00000,0x00000000eab00000,0x00000000f1d00000)
  from space 116224K, 50% used [0x00000000f1d00000,0x00000000f56ad8e0,0x00000000f8e80000)
  to   space 116224K, 0% used [0x00000000f8e80000,0x00000000f8e80000,0x0000000100000000)
 ParOldGen       total 394752K, used 382518K [0x00000000c0000000, 0x00000000d8180000, 0x00000000eab00000)
  object space 394752K, 96% used [0x00000000c0000000,0x00000000d758d8d0,0x00000000d8180000)
 Metaspace       used 6577K, capacity 7320K, committed 7680K, reserved 1056768K
  class space    used 617K, capacity 656K, committed 768K, reserved 1048576K
Event: 123.081 GC heap after
Heap after GC invocations=29 (full 6):
 PSYoungGen      total 232960K, used 41929K [0x00000000eab00000, 0x0000000100000000, 0x0000000100000000)
  eden space 116736K, 0% used [0x00000000eab00000,0x00000000eab00000,0x00000000f1d00000)
  from space 116224K, 36% used [0x00000000f1d00000,0x00000000f45f25b8,0x00000000f8e80000)
  to   space 116224K, 0% used [0x00000000f8e80000,0x00000000f8e80000,0x0000000100000000)
 ParOldGen       total 548352K, used 394478K [0x00000000c0000000, 0x00000000e1780000, 0x00000000eab00000)
  object space 548352K, 71% used [0x00000000c0000000,0x00000000d813bb70,0x00000000e1780000)
 Metaspace       used 6577K, capacity 7320K, committed 7680K, reserved 1056768K
  class space    used 617K, capacity 656K, committed 768K, reserved 1048576K
}

